<?xml version="1.0" encoding="UTF-8"?>
<!-- Generated by org.testng.reporters.JUnitReportReporter -->
<testsuite skipped="0" hostname="Imans-MacBook-Air.local" name="com.syntax.practice.WriteExcel" tests="1" failures="0" timestamp="15 Jun 2019 15:11:09 GMT" time="0.705" errors="0">
  <testcase name="readExcelFile" time="0.705" classname="com.syntax.practice.WriteExcel"/>
</testsuite> <!-- com.syntax.practice.WriteExcel -->
