<?xml version="1.0" encoding="UTF-8"?>
<!-- Generated by org.testng.reporters.JUnitReportReporter -->
<testsuite skipped="0" hostname="Imans-Air.fios-router.home" name="com.syntax.testcases.Excel" tests="1" failures="0" timestamp="14 Jun 2019 22:08:56 GMT" time="0.641" errors="0">
  <testcase name="readExcelFile" time="0.641" classname="com.syntax.testcases.Excel"/>
</testsuite> <!-- com.syntax.testcases.Excel -->
