<?xml version="1.0" encoding="UTF-8"?>
<!-- Generated by org.testng.reporters.JUnitReportReporter -->
<testsuite skipped="0" hostname="Imans-MacBook-Air.local" name="com.syntax.testcases.AddLocationTest" tests="4" failures="0" timestamp="16 Jun 2019 19:01:43 GMT" time="33.099" errors="0">
  <testcase name="empLocation" time="8.117" classname="com.syntax.testcases.AddLocationTest"/>
  <testcase name="empLocation" time="8.510" classname="com.syntax.testcases.AddLocationTest"/>
  <testcase name="empLocation" time="8.078" classname="com.syntax.testcases.AddLocationTest"/>
  <testcase name="empLocation" time="8.394" classname="com.syntax.testcases.AddLocationTest"/>
</testsuite> <!-- com.syntax.testcases.AddLocationTest -->
