<?xml version="1.0" encoding="UTF-8"?>
<!-- Generated by org.testng.reporters.JUnitReportReporter -->
<testsuite skipped="0" hostname="Imans-Air.fios-router.home" name="com.syntax.utils.BaseClass" tests="1" failures="0" timestamp="09 Jun 2019 05:49:59 GMT" time="5.576" errors="0">
  <testcase name="setUp" time="5.576" classname="com.syntax.utils.BaseClass"/>
</testsuite> <!-- com.syntax.utils.BaseClass -->
